This is pdfTeX, Version 3.141592653-2.6-1.40.26 (MiKTeX 24.4) (preloaded format=pdflatex 2024.9.7)  7 SEP 2024 20:26
entering extended mode
 restricted \write18 enabled.
 %&-line parsing enabled.
**"./A1_Diseño de transistores MOSFET.tex"
(A1_Diseño de transistores MOSFET.tex
LaTeX2e <2024-06-01> patch level 2
L3 programming layer <2024-08-16>
(C:\Users\David\AppData\Roaming\MiKTeX\tex/latex/ieeetran\IEEEtran.cls
Document Class: IEEEtran 2015/08/26 V1.8b by Michael Shell
-- See the "IEEEtran_HOWTO" manual for usage information.
-- http://www.michaelshell.org/tex/ieeetran/
\@IEEEtrantmpdimenA=\dimen141
\@IEEEtrantmpdimenB=\dimen142
\@IEEEtrantmpdimenC=\dimen143
\@IEEEtrantmpcountA=\count194
\@IEEEtrantmpcountB=\count195
\@IEEEtrantmpcountC=\count196
\@IEEEtrantmptoksA=\toks17
LaTeX Font Info:    Trying to load font information for OT1+ptm on input line 5
03.
(C:\Users\David\AppData\Roaming\MiKTeX\tex/latex/psnfss\ot1ptm.fd
File: ot1ptm.fd 2001/06/04 font definitions for OT1/ptm.
)
-- Using 8.5in x 11in (letter) paper.
-- Using PDF output.
\@IEEEnormalsizeunitybaselineskip=\dimen144
-- This is a 9 point document.
\CLASSINFOnormalsizebaselineskip=\dimen145
\CLASSINFOnormalsizeunitybaselineskip=\dimen146
\IEEEnormaljot=\dimen147
LaTeX Font Info:    Font shape `OT1/ptm/bx/n' in size <5> not available
(Font)              Font shape `OT1/ptm/b/n' tried instead on input line 1090.
LaTeX Font Info:    Font shape `OT1/ptm/bx/it' in size <5> not available
(Font)              Font shape `OT1/ptm/b/it' tried instead on input line 1090.

LaTeX Font Info:    Font shape `OT1/ptm/bx/n' in size <7> not available
(Font)              Font shape `OT1/ptm/b/n' tried instead on input line 1090.
LaTeX Font Info:    Font shape `OT1/ptm/bx/it' in size <7> not available
(Font)              Font shape `OT1/ptm/b/it' tried instead on input line 1090.

LaTeX Font Info:    Font shape `OT1/ptm/bx/n' in size <8> not available
(Font)              Font shape `OT1/ptm/b/n' tried instead on input line 1090.
LaTeX Font Info:    Font shape `OT1/ptm/bx/it' in size <8> not available
(Font)              Font shape `OT1/ptm/b/it' tried instead on input line 1090.

LaTeX Font Info:    Font shape `OT1/ptm/bx/n' in size <8.5> not available
(Font)              Font shape `OT1/ptm/b/n' tried instead on input line 1090.
LaTeX Font Info:    Font shape `OT1/ptm/bx/it' in size <8.5> not available
(Font)              Font shape `OT1/ptm/b/it' tried instead on input line 1090.

LaTeX Font Info:    Font shape `OT1/ptm/bx/n' in size <9> not available
(Font)              Font shape `OT1/ptm/b/n' tried instead on input line 1090.
LaTeX Font Info:    Font shape `OT1/ptm/bx/it' in size <9> not available
(Font)              Font shape `OT1/ptm/b/it' tried instead on input line 1090.

LaTeX Font Info:    Font shape `OT1/ptm/bx/n' in size <10> not available
(Font)              Font shape `OT1/ptm/b/n' tried instead on input line 1090.
LaTeX Font Info:    Font shape `OT1/ptm/bx/it' in size <10> not available
(Font)              Font shape `OT1/ptm/b/it' tried instead on input line 1090.

LaTeX Font Info:    Font shape `OT1/ptm/bx/n' in size <14> not available
(Font)              Font shape `OT1/ptm/b/n' tried instead on input line 1090.
LaTeX Font Info:    Font shape `OT1/ptm/bx/it' in size <14> not available
(Font)              Font shape `OT1/ptm/b/it' tried instead on input line 1090.

LaTeX Font Info:    Font shape `OT1/ptm/bx/n' in size <17> not available
(Font)              Font shape `OT1/ptm/b/n' tried instead on input line 1090.
LaTeX Font Info:    Font shape `OT1/ptm/bx/it' in size <17> not available
(Font)              Font shape `OT1/ptm/b/it' tried instead on input line 1090.

LaTeX Font Info:    Font shape `OT1/ptm/bx/n' in size <20> not available
(Font)              Font shape `OT1/ptm/b/n' tried instead on input line 1090.
LaTeX Font Info:    Font shape `OT1/ptm/bx/it' in size <20> not available
(Font)              Font shape `OT1/ptm/b/it' tried instead on input line 1090.

\IEEEquantizedlength=\dimen148
\IEEEquantizedlengthdiff=\dimen149
\IEEEquantizedtextheightdiff=\dimen150
\IEEEilabelindentA=\dimen151
\IEEEilabelindentB=\dimen152
\IEEEilabelindent=\dimen153
\IEEEelabelindent=\dimen154
\IEEEdlabelindent=\dimen155
\IEEElabelindent=\dimen156
\IEEEiednormlabelsep=\dimen157
\IEEEiedmathlabelsep=\dimen158
\IEEEiedtopsep=\skip49
\c@section=\count197
\c@subsection=\count198
\c@subsubsection=\count199
\c@paragraph=\count266
\c@IEEEsubequation=\count267
\abovecaptionskip=\skip50
\belowcaptionskip=\skip51
\c@figure=\count268
\c@table=\count269
\@IEEEeqnnumcols=\count270
\@IEEEeqncolcnt=\count271
\@IEEEsubeqnnumrollback=\count272
\@IEEEquantizeheightA=\dimen159
\@IEEEquantizeheightB=\dimen160
\@IEEEquantizeheightC=\dimen161
\@IEEEquantizeprevdepth=\dimen162
\@IEEEquantizemultiple=\count273
\@IEEEquantizeboxA=\box52
\@IEEEtmpitemindent=\dimen163
\IEEEPARstartletwidth=\dimen164
\c@IEEEbiography=\count274
\@IEEEtranrubishbin=\box53
)
(C:\Users\David\AppData\Roaming\MiKTeX\tex/latex/filecontents\filecontents.sty
Package: filecontents 2023/04/02 v1.5a Create an external file from within a La
TeX document


Package filecontents Warning: This package is obsolete. Disabling it and
(filecontents)                passing control to the filecontents environment
(filecontents)                defined by the LaTeX kernel.

) (C:\Users\David\AppData\Roaming\MiKTeX\tex/latex/lipsum\lipsum.sty
(C:\Program Files\MiKTeX\tex/latex/l3packages/l3keys2e\l3keys2e.sty
(C:\Program Files\MiKTeX\tex/latex/l3kernel\expl3.sty
Package: expl3 2024-08-16 L3 programming layer (loader) 

(C:\Program Files\MiKTeX\tex/latex/l3backend\l3backend-pdftex.def
File: l3backend-pdftex.def 2024-05-08 L3 backend support: PDF output (pdfTeX)
\l__color_backend_stack_int=\count275
\l__pdf_internal_box=\box54
))
Package: l3keys2e 2024-08-16 LaTeX2e option processing using LaTeX3 keys
)
Package: lipsum 2021-09-20 v2.7 150 paragraphs of Lorem Ipsum dummy text
\g__lipsum_par_int=\count276
\l__lipsum_a_int=\count277
\l__lipsum_b_int=\count278

(C:\Users\David\AppData\Roaming\MiKTeX\tex/latex/lipsum\lipsum.ltd.tex))
(C:\Users\David\AppData\Roaming\MiKTeX\tex/latex/cite\cite.sty
LaTeX Info: Redefining \cite on input line 302.
LaTeX Info: Redefining \nocite on input line 332.
Package: cite 2015/02/27  v 5.5
)
(C:\Program Files\MiKTeX\tex/latex/graphics\graphicx.sty
Package: graphicx 2021/09/16 v1.2d Enhanced LaTeX Graphics (DPC,SPQR)

(C:\Program Files\MiKTeX\tex/latex/graphics\keyval.sty
Package: keyval 2022/05/29 v1.15 key=value parser (DPC)
\KV@toks@=\toks18
)
(C:\Program Files\MiKTeX\tex/latex/graphics\graphics.sty
Package: graphics 2024/05/23 v1.4g Standard LaTeX Graphics (DPC,SPQR)

(C:\Program Files\MiKTeX\tex/latex/graphics\trig.sty
Package: trig 2023/12/02 v1.11 sin cos tan (DPC)
)
(C:\Program Files\MiKTeX\tex/latex/graphics-cfg\graphics.cfg
File: graphics.cfg 2016/06/04 v1.11 sample graphics configuration
)
Package graphics Info: Driver file: pdftex.def on input line 106.

(C:\Program Files\MiKTeX\tex/latex/graphics-def\pdftex.def
File: pdftex.def 2024/04/13 v1.2c Graphics/color driver for pdftex
))
\Gin@req@height=\dimen165
\Gin@req@width=\dimen166
)
(C:\Users\David\AppData\Roaming\MiKTeX\tex/latex/footmisc\footmisc.sty
Package: footmisc 2023/07/05 v6.0f a miscellany of footnote facilities
\FN@temptoken=\toks19
\footnotemargin=\dimen167
\@outputbox@depth=\dimen168
Package footmisc Info: Declaring symbol style bringhurst on input line 696.
Package footmisc Info: Declaring symbol style chicago on input line 704.
Package footmisc Info: Declaring symbol style wiley on input line 713.
Package footmisc Info: Declaring symbol style lamport-robust on input line 724.

Package footmisc Info: Declaring symbol style lamport* on input line 744.
Package footmisc Info: Declaring symbol style lamport*-robust on input line 765
.
)
(C:\Program Files\MiKTeX\tex/latex/listings\listings.sty
\lst@mode=\count279
\lst@gtempboxa=\box55
\lst@token=\toks20
\lst@length=\count280
\lst@currlwidth=\dimen169
\lst@column=\count281
\lst@pos=\count282
\lst@lostspace=\dimen170
\lst@width=\dimen171
\lst@newlines=\count283
\lst@lineno=\count284
\lst@maxwidth=\dimen172

(C:\Program Files\MiKTeX\tex/latex/listings\lstpatch.sty
File: lstpatch.sty 2024/05/25 1.10b (Carsten Heinz)
)
(C:\Program Files\MiKTeX\tex/latex/listings\lstmisc.sty
File: lstmisc.sty 2024/05/25 1.10b (Carsten Heinz)
\c@lstnumber=\count285
\lst@skipnumbers=\count286
\lst@framebox=\box56
)
(C:\Program Files\MiKTeX\tex/latex/listings\listings.cfg
File: listings.cfg 2024/05/25 1.10b listings configuration
))
Package: listings 2024/05/25 1.10b (Carsten Heinz)

(C:\Users\David\AppData\Roaming\MiKTeX\tex/latex/caption\subcaption.sty
Package: subcaption 2023/07/28 v1.6b Sub-captions (AR)

(C:\Users\David\AppData\Roaming\MiKTeX\tex/latex/caption\caption.sty
Package: caption 2023/08/05 v3.6o Customizing captions (AR)

(C:\Users\David\AppData\Roaming\MiKTeX\tex/latex/caption\caption3.sty
Package: caption3 2023/07/31 v2.4d caption3 kernel (AR)
\caption@tempdima=\dimen173
\captionmargin=\dimen174
\caption@leftmargin=\dimen175
\caption@rightmargin=\dimen176
\caption@width=\dimen177
\caption@indent=\dimen178
\caption@parindent=\dimen179
\caption@hangindent=\dimen180
Package caption Info: Unknown document class (or package),
(caption)             standard defaults will be used.
Package caption Info: \@makecaption = \long macro:#1#2->\ifx \@captype \@IEEEta
blestring \footnotesize \bgroup \par \centering \@IEEEtabletopskipstrut {\norma
lfont \footnotesize #1}\\{\normalfont \footnotesize \scshape #2}\par \addvspace
 {0.5\baselineskip }\egroup \@IEEEtablecaptionsepspace \else \@IEEEfigurecaptio
nsepspace \setbox \@tempboxa \hbox {\normalfont \footnotesize {#1.}\nobreakspac
e \nobreakspace #2}\ifdim \wd \@tempboxa >\hsize \setbox \@tempboxa \hbox {\nor
malfont \footnotesize {#1.}\nobreakspace \nobreakspace }\parbox [t]{\hsize }{\n
ormalfont \footnotesize \noindent \unhbox \@tempboxa #2}\else \ifCLASSOPTIONcon
ference \hbox to\hsize {\normalfont \footnotesize \hfil \box \@tempboxa \hfil }
\else \hbox to\hsize {\normalfont \footnotesize \box \@tempboxa \hfil }\fi \fi 
\fi  on input line 1175.
)

Package caption Warning: Unknown document class (or package),
(caption)                standard defaults will be used.
See the caption package documentation for explanation.

\c@caption@flags=\count287
\c@continuedfloat=\count288
Package caption Info: listings package is loaded.
)
Package caption Info: New subtype `subfigure' on input line 238.
\c@subfigure=\count289
Package caption Info: New subtype `subtable' on input line 238.
\c@subtable=\count290
) (C:\Users\David\AppData\Roaming\MiKTeX\tex/latex/fancyhdr\fancyhdr.sty
Package: fancyhdr 2024/07/23 v4.3.1 Extensive control of page headers and foote
rs
\f@nch@headwidth=\skip52
\f@nch@O@elh=\skip53
\f@nch@O@erh=\skip54
\f@nch@O@olh=\skip55
\f@nch@O@orh=\skip56
\f@nch@O@elf=\skip57
\f@nch@O@erf=\skip58
\f@nch@O@olf=\skip59
\f@nch@O@orf=\skip60
)
(C:\Program Files\MiKTeX\tex/latex/url\url.sty
\Urlmuskip=\muskip17
Package: url 2013/09/16  ver 3.4  Verb mode for urls, etc.
)
(C:\Program Files\MiKTeX\tex/latex/hyperref\hyperref.sty
Package: hyperref 2024-07-10 v7.01j Hypertext links for LaTeX

(C:\Program Files\MiKTeX\tex/generic/iftex\iftex.sty
Package: iftex 2022/02/03 v1.0f TeX engine tests
)
(C:\Users\David\AppData\Roaming\MiKTeX\tex/latex/kvsetkeys\kvsetkeys.sty
Package: kvsetkeys 2022-10-05 v1.19 Key value parser (HO)
)
(C:\Users\David\AppData\Roaming\MiKTeX\tex/generic/kvdefinekeys\kvdefinekeys.st
y
Package: kvdefinekeys 2019-12-19 v1.6 Define keys (HO)
) (C:\Users\David\AppData\Roaming\MiKTeX\tex/generic/pdfescape\pdfescape.sty
Package: pdfescape 2019/12/09 v1.15 Implements pdfTeX's escape features (HO)

(C:\Users\David\AppData\Roaming\MiKTeX\tex/generic/ltxcmds\ltxcmds.sty
Package: ltxcmds 2023-12-04 v1.26 LaTeX kernel commands for general use (HO)
)
(C:\Program Files\MiKTeX\tex/generic/pdftexcmds\pdftexcmds.sty
Package: pdftexcmds 2020-06-27 v0.33 Utility functions of pdfTeX for LuaTeX (HO
)

(C:\Users\David\AppData\Roaming\MiKTeX\tex/generic/infwarerr\infwarerr.sty
Package: infwarerr 2019/12/03 v1.5 Providing info/warning/error messages (HO)
)
Package pdftexcmds Info: \pdf@primitive is available.
Package pdftexcmds Info: \pdf@ifprimitive is available.
Package pdftexcmds Info: \pdfdraftmode found.
))
(C:\Users\David\AppData\Roaming\MiKTeX\tex/latex/hycolor\hycolor.sty
Package: hycolor 2020-01-27 v1.10 Color options for hyperref/bookmark (HO)
)
(C:\Program Files\MiKTeX\tex/latex/hyperref\nameref.sty
Package: nameref 2023-11-26 v2.56 Cross-referencing by name of section

(C:\Users\David\AppData\Roaming\MiKTeX\tex/latex/refcount\refcount.sty
Package: refcount 2019/12/15 v3.6 Data extraction from label references (HO)
)
(C:\Users\David\AppData\Roaming\MiKTeX\tex/generic/gettitlestring\gettitlestrin
g.sty
Package: gettitlestring 2019/12/15 v1.6 Cleanup title references (HO)
 (C:\Users\David\AppData\Roaming\MiKTeX\tex/latex/kvoptions\kvoptions.sty
Package: kvoptions 2022-06-15 v3.15 Key value format for package options (HO)
))
\c@section@level=\count291
) (C:\Program Files\MiKTeX\tex/latex/etoolbox\etoolbox.sty
Package: etoolbox 2020/10/05 v2.5k e-TeX tools for LaTeX (JAW)
\etb@tempcnta=\count292
)
(C:\Users\David\AppData\Roaming\MiKTeX\tex/generic/stringenc\stringenc.sty
Package: stringenc 2019/11/29 v1.12 Convert strings between diff. encodings (HO
)
)
\@linkdim=\dimen181
\Hy@linkcounter=\count293
\Hy@pagecounter=\count294

(C:\Program Files\MiKTeX\tex/latex/hyperref\pd1enc.def
File: pd1enc.def 2024-07-10 v7.01j Hyperref: PDFDocEncoding definition (HO)
Now handling font encoding PD1 ...
... no UTF-8 mapping file for font encoding PD1
)
(C:\Users\David\AppData\Roaming\MiKTeX\tex/generic/intcalc\intcalc.sty
Package: intcalc 2019/12/15 v1.3 Expandable calculations with integers (HO)
)
\Hy@SavedSpaceFactor=\count295

(C:\Program Files\MiKTeX\tex/latex/hyperref\puenc.def
File: puenc.def 2024-07-10 v7.01j Hyperref: PDF Unicode definition (HO)
Now handling font encoding PU ...
... no UTF-8 mapping file for font encoding PU
)
Package hyperref Info: Hyper figures OFF on input line 4157.
Package hyperref Info: Link nesting OFF on input line 4162.
Package hyperref Info: Hyper index ON on input line 4165.
Package hyperref Info: Plain pages OFF on input line 4172.
Package hyperref Info: Backreferencing OFF on input line 4177.
Package hyperref Info: Implicit mode ON; LaTeX internals redefined.
Package hyperref Info: Bookmarks ON on input line 4424.
\c@Hy@tempcnt=\count296
LaTeX Info: Redefining \url on input line 4763.
\XeTeXLinkMargin=\dimen182

(C:\Users\David\AppData\Roaming\MiKTeX\tex/generic/bitset\bitset.sty
Package: bitset 2019/12/09 v1.3 Handle bit-vector datatype (HO)

(C:\Users\David\AppData\Roaming\MiKTeX\tex/generic/bigintcalc\bigintcalc.sty
Package: bigintcalc 2019/12/15 v1.5 Expandable calculations on big integers (HO
)
))
\Fld@menulength=\count297
\Field@Width=\dimen183
\Fld@charsize=\dimen184
Package hyperref Info: Hyper figures OFF on input line 6042.
Package hyperref Info: Link nesting OFF on input line 6047.
Package hyperref Info: Hyper index ON on input line 6050.
Package hyperref Info: backreferencing OFF on input line 6057.
Package hyperref Info: Link coloring OFF on input line 6062.
Package hyperref Info: Link coloring with OCG OFF on input line 6067.
Package hyperref Info: PDF/A mode OFF on input line 6072.

(C:\Program Files\MiKTeX\tex/latex/base\atbegshi-ltx.sty
Package: atbegshi-ltx 2021/01/10 v1.0c Emulation of the original atbegshi
package with kernel methods
)
\Hy@abspage=\count298
\c@Item=\count299
\c@Hfootnote=\count300
)
Package hyperref Info: Driver (autodetected): hpdftex.

(C:\Program Files\MiKTeX\tex/latex/hyperref\hpdftex.def
File: hpdftex.def 2024-07-10 v7.01j Hyperref driver for pdfTeX

(C:\Program Files\MiKTeX\tex/latex/base\atveryend-ltx.sty
Package: atveryend-ltx 2020/08/19 v1.0a Emulation of the original atveryend pac
kage
with kernel methods
)
\Fld@listcount=\count301
\c@bookmark@seq@number=\count302

(C:\Users\David\AppData\Roaming\MiKTeX\tex/latex/rerunfilecheck\rerunfilecheck.
sty
Package: rerunfilecheck 2022-07-10 v1.10 Rerun checks for auxiliary files (HO)

(C:\Users\David\AppData\Roaming\MiKTeX\tex/generic/uniquecounter\uniquecounter.
sty
Package: uniquecounter 2019/12/15 v1.4 Provide unlimited unique counter (HO)
)
Package uniquecounter Info: New unique counter `rerunfilecheck' on input line 2
85.
)
\Hy@SectionHShift=\skip61
) (C:\Program Files\MiKTeX\tex/latex/tools\array.sty
Package: array 2024/06/14 v2.6d Tabular extension package (FMi)
\col@sep=\dimen185
\ar@mcellbox=\box57
\extrarowheight=\dimen186
\NC@list=\toks21
\extratabsurround=\skip62
\backup@length=\skip63
\ar@cellbox=\box58
)
(C:\Users\David\AppData\Roaming\MiKTeX\tex/latex/float\float.sty
Package: float 2001/11/08 v1.3d Float enhancements (AL)
\c@float@type=\count303
\float@exts=\toks22
\float@box=\box59
\@float@everytoks=\toks23
\@floatcapt=\box60
)
(C:\Users\David\AppData\Roaming\MiKTeX\tex/latex/adjustbox\adjustbox.sty
Package: adjustbox 2022/10/17 v1.3a Adjusting TeX boxes (trim, clip, ...)

(C:\Program Files\MiKTeX\tex/latex/xkeyval\xkeyval.sty
Package: xkeyval 2022/06/16 v2.9 package option processing (HA)

(C:\Program Files\MiKTeX\tex/generic/xkeyval\xkeyval.tex
(C:\Program Files\MiKTeX\tex/generic/xkeyval\xkvutils.tex
\XKV@toks=\toks24
\XKV@tempa@toks=\toks25
)
\XKV@depth=\count304
File: xkeyval.tex 2014/12/03 v2.7a key=value parser (HA)
))
(C:\Users\David\AppData\Roaming\MiKTeX\tex/latex/adjustbox\adjcalc.sty
Package: adjcalc 2012/05/16 v1.1 Provides advanced setlength with multiple back
-ends (calc, etex, pgfmath)
)
(C:\Users\David\AppData\Roaming\MiKTeX\tex/latex/adjustbox\trimclip.sty
Package: trimclip 2020/08/19 v1.2 Trim and clip general TeX material

(C:\Users\David\AppData\Roaming\MiKTeX\tex/latex/collectbox\collectbox.sty
Package: collectbox 2022/10/17 v0.4c Collect macro arguments as boxes
\collectedbox=\box61
)
\tc@llx=\dimen187
\tc@lly=\dimen188
\tc@urx=\dimen189
\tc@ury=\dimen190
Package trimclip Info: Using driver 'tc-pdftex.def'.

(C:\Users\David\AppData\Roaming\MiKTeX\tex/latex/adjustbox\tc-pdftex.def
File: tc-pdftex.def 2019/01/04 v2.2 Clipping driver for pdftex
))
\adjbox@Width=\dimen191
\adjbox@Height=\dimen192
\adjbox@Depth=\dimen193
\adjbox@Totalheight=\dimen194
\adjbox@pwidth=\dimen195
\adjbox@pheight=\dimen196
\adjbox@pdepth=\dimen197
\adjbox@ptotalheight=\dimen198

(C:\Users\David\AppData\Roaming\MiKTeX\tex/latex/ifoddpage\ifoddpage.sty
Package: ifoddpage 2022/10/18 v1.2 Conditionals for odd/even page detection
\c@checkoddpage=\count305
)
(C:\Users\David\AppData\Roaming\MiKTeX\tex/latex/varwidth\varwidth.sty
Package: varwidth 2009/03/30 ver 0.92;  Variable-width minipages
\@vwid@box=\box62
\sift@deathcycles=\count306
\@vwid@loff=\dimen199
\@vwid@roff=\dimen256
))
Package hyperref Info: Option `colorlinks' set `true' on input line 22.

(A1_Diseño de transistores MOSFET.aux)
\openout1 = `"A1_Diseño de transistores MOSFET.aux"'.

LaTeX Font Info:    Checking defaults for OML/cmm/m/it on input line 26.
LaTeX Font Info:    ... okay on input line 26.
LaTeX Font Info:    Checking defaults for OMS/cmsy/m/n on input line 26.
LaTeX Font Info:    ... okay on input line 26.
LaTeX Font Info:    Checking defaults for OT1/cmr/m/n on input line 26.
LaTeX Font Info:    ... okay on input line 26.
LaTeX Font Info:    Checking defaults for T1/cmr/m/n on input line 26.
LaTeX Font Info:    ... okay on input line 26.
LaTeX Font Info:    Checking defaults for TS1/cmr/m/n on input line 26.
LaTeX Font Info:    ... okay on input line 26.
LaTeX Font Info:    Checking defaults for OMX/cmex/m/n on input line 26.
LaTeX Font Info:    ... okay on input line 26.
LaTeX Font Info:    Checking defaults for U/cmr/m/n on input line 26.
LaTeX Font Info:    ... okay on input line 26.
LaTeX Font Info:    Checking defaults for PD1/pdf/m/n on input line 26.
LaTeX Font Info:    ... okay on input line 26.
LaTeX Font Info:    Checking defaults for PU/pdf/m/n on input line 26.
LaTeX Font Info:    ... okay on input line 26.

-- Lines per column: 63 (exact).
(C:\Program Files\MiKTeX\tex/context/base/mkii\supp-pdf.mkii
[Loading MPS to PDF converter (version 2006.09.02).]
\scratchcounter=\count307
\scratchdimen=\dimen257
\scratchbox=\box63
\nofMPsegments=\count308
\nofMParguments=\count309
\everyMPshowfont=\toks26
\MPscratchCnt=\count310
\MPscratchDim=\dimen258
\MPnumerator=\count311
\makeMPintoPDFobject=\count312
\everyMPtoPDFconversion=\toks27
) (C:\Program Files\MiKTeX\tex/latex/epstopdf-pkg\epstopdf-base.sty
Package: epstopdf-base 2020-01-24 v2.11 Base part for package epstopdf
Package epstopdf-base Info: Redefining graphics rule for `.eps' on input line 4
85.

(C:\Program Files\MiKTeX\tex/latex/00miktex\epstopdf-sys.cfg
File: epstopdf-sys.cfg 2021/03/18 v2.0 Configuration of epstopdf for MiKTeX
))
\c@lstlisting=\count313
Package caption Info: Begin \AtBeginDocument code.
Package caption Info: float package is loaded.
Package caption Info: hyperref package is loaded.
Package caption Info: End \AtBeginDocument code.

(C:\Program Files\MiKTeX\tex/latex/graphics\color.sty
Package: color 2024/01/14 v1.3d Standard LaTeX Color (DPC)

(C:\Program Files\MiKTeX\tex/latex/graphics-cfg\color.cfg
File: color.cfg 2016/01/02 v1.6 sample color configuration
)
Package color Info: Driver file: pdftex.def on input line 149.

(C:\Program Files\MiKTeX\tex/latex/graphics\mathcolor.ltx))
Package hyperref Info: Link coloring ON on input line 26.

(A1_Diseño de transistores MOSFET.out) (A1_Diseño de transistores MOSFET.out)
\@outlinefile=\write3
\openout3 = `"A1_Diseño de transistores MOSFET.out"'.

** WARNING: \and is valid only when in conference or peerreviewca
modes (line 29).
LaTeX Font Info:    External font `cmex10' loaded for size
(Font)              <9> on input line 38.
LaTeX Font Info:    External font `cmex10' loaded for size
(Font)              <6> on input line 38.
LaTeX Font Info:    External font `cmex10' loaded for size
(Font)              <5> on input line 38.
LaTeX Font Info:    Calculating math sizes for size <8.5> on input line 51.
LaTeX Font Info:    External font `cmex10' loaded for size
(Font)              <8.5> on input line 51.
LaTeX Font Info:    External font `cmex10' loaded for size
(Font)              <5.94997> on input line 51.
LaTeX Font Info:    External font `cmex10' loaded for size
(Font)              <4.25> on input line 51.

Underfull \hbox (badness 1990) in paragraph at lines 51--51
[]\OT1/ptm/m/n/8.5 (a) |Par[]ametros para la sim-u-
 []


Underfull \hbox (badness 1789) in paragraph at lines 65--65
[]\OT1/ptm/m/n/8.5 (b) |Par[]ametros para la sim-u-
 []


Underfull \hbox (badness 1990) in paragraph at lines 79--79
[]\OT1/ptm/m/n/8.5 (c) |Par[]ametros para la sim-u-
 []


Underfull \hbox (badness 1789) in paragraph at lines 94--94
[]\OT1/ptm/m/n/8.5 (d) |Par[]ametros para la sim-u-
 []


Underfull \hbox (badness 10000) in paragraph at lines 41--97
[][]  []
 []

<A1 sim MOSFET/nmos vg1.png, id=9, 704.6325pt x 600.74437pt>
File: A1 sim MOSFET/nmos vg1.png Graphic file (type png)
<use A1 sim MOSFET/nmos vg1.png>
Package pdftex.def Info: A1 sim MOSFET/nmos vg1.png  used on input line 109.
(pdftex.def)             Requested size: 113.39923pt x 96.68022pt.
<A1 sim MOSFET/nmos vg1_5.png, id=10, 704.6325pt x 600.74437pt>
File: A1 sim MOSFET/nmos vg1_5.png Graphic file (type png)
<use A1 sim MOSFET/nmos vg1_5.png>
Package pdftex.def Info: A1 sim MOSFET/nmos vg1_5.png  used on input line 117.
(pdftex.def)             Requested size: 113.39923pt x 96.68022pt.
<A1 sim MOSFET/pmos vg1.png, id=11, 704.6325pt x 600.74437pt>
File: A1 sim MOSFET/pmos vg1.png Graphic file (type png)
<use A1 sim MOSFET/pmos vg1.png>
Package pdftex.def Info: A1 sim MOSFET/pmos vg1.png  used on input line 124.
(pdftex.def)             Requested size: 113.39923pt x 96.68022pt.
<A1 sim MOSFET/pmos vg1_5.png, id=12, 704.6325pt x 600.74437pt>
File: A1 sim MOSFET/pmos vg1_5.png Graphic file (type png)
<use A1 sim MOSFET/pmos vg1_5.png>
Package pdftex.def Info: A1 sim MOSFET/pmos vg1_5.png  used on input line 132.
(pdftex.def)             Requested size: 113.39923pt x 96.68022pt.

Underfull \hbox (badness 5878) in paragraph at lines 107--136
[][]   []
 []


Underfull \vbox (badness 4001) has occurred while \output is active []




Underfull \hbox (badness 1990) in paragraph at lines 154--154
[]\OT1/ptm/m/n/8.5 (a) |Par[]ametros para la sim-u-
 []


Underfull \hbox (badness 1789) in paragraph at lines 166--166
[]\OT1/ptm/m/n/8.5 (b) |Par[]ametros para la sim-u-
 []


Underfull \hbox (badness 1990) in paragraph at lines 178--178
[]\OT1/ptm/m/n/8.5 (c) |Par[]ametros para la sim-u-
 []

<A1 sim MOSFET/nmos layout.png, id=16, 321.45094pt x 445.665pt>
File: A1 sim MOSFET/nmos layout.png Graphic file (type png)
<use A1 sim MOSFET/nmos layout.png>
Package pdftex.def Info: A1 sim MOSFET/nmos layout.png  used on input line 188.

(pdftex.def)             Requested size: 102.05861pt x 141.49365pt.
<A1 sim MOSFET/pmos layout1.png, id=18, 337.26pt x 446.41782pt>
File: A1 sim MOSFET/pmos layout1.png Graphic file (type png)
<use A1 sim MOSFET/pmos layout1.png>
Package pdftex.def Info: A1 sim MOSFET/pmos layout1.png  used on input line 196
.
(pdftex.def)             Requested size: 102.05861pt x 135.09119pt.

Underfull \hbox (badness 2564) in paragraph at lines 197--197
[]\OT1/ptm/m/n/8.5 (b) |Lay-out del tran-sis-tor $\OML/cmm/m/it/8 N$\OT1/ptm/m/
n/8.5 -
 []


Underfull \vbox (badness 10000) has occurred while \output is active []



[1{C:/Users/David/AppData/Local/MiKTeX/fonts/map/pdftex/pdftex.map}{C:/Program 
Files/MiKTeX/fonts/enc/dvips/base/8r.enc}

 <./A1 sim MOSFET/nmos vg1.png (PNG copy)> <./A1 sim MOSFET/nmos vg1_5.png (PNG
 copy)> <./A1 sim MOSFET/pmos vg1.png (PNG copy)> <./A1 sim MOSFET/pmos vg1_5.p
ng (PNG copy)>]
<A1 sim MOSFET/nmos vg1 out.png, id=41, 587.94656pt x 408.77719pt>
File: A1 sim MOSFET/nmos vg1 out.png Graphic file (type png)
<use A1 sim MOSFET/nmos vg1 out.png>
Package pdftex.def Info: A1 sim MOSFET/nmos vg1 out.png  used on input line 216
.
(pdftex.def)             Requested size: 226.79846pt x 157.6822pt.
LaTeX Font Info:    External font `cmex10' loaded for size
(Font)              <8> on input line 225.
<A1 sim MOSFET/nmos vg1_nocursor.png, id=43, 704.6325pt x 600.74437pt>
File: A1 sim MOSFET/nmos vg1_nocursor.png Graphic file (type png)
<use A1 sim MOSFET/nmos vg1_nocursor.png>
Package pdftex.def Info: A1 sim MOSFET/nmos vg1_nocursor.png  used on input lin
e 241.
(pdftex.def)             Requested size: 226.79846pt x 193.36044pt.

Underfull \vbox (badness 10000) has occurred while \output is active []



<A1 sim MOSFET/nmos vg1_cursor0_5v.png, id=44, 721.94719pt x 636.87938pt>
File: A1 sim MOSFET/nmos vg1_cursor0_5v.png Graphic file (type png)
<use A1 sim MOSFET/nmos vg1_cursor0_5v.png>
Package pdftex.def Info: A1 sim MOSFET/nmos vg1_cursor0_5v.png  used on input l
ine 248.
(pdftex.def)             Requested size: 226.79846pt x 200.07385pt.
<A1 sim MOSFET/nmos vg1_cursor1v.png, id=45, 722.7pt x 637.63219pt>
File: A1 sim MOSFET/nmos vg1_cursor1v.png Graphic file (type png)
<use A1 sim MOSFET/nmos vg1_cursor1v.png>
Package pdftex.def Info: A1 sim MOSFET/nmos vg1_cursor1v.png  used on input lin
e 255.
(pdftex.def)             Requested size: 226.79846pt x 200.0963pt.
<A1 sim MOSFET/nmos vg1_cursor2v.png, id=46, 722.7pt x 639.13782pt>
File: A1 sim MOSFET/nmos vg1_cursor2v.png Graphic file (type png)
<use A1 sim MOSFET/nmos vg1_cursor2v.png>
Package pdftex.def Info: A1 sim MOSFET/nmos vg1_cursor2v.png  used on input lin
e 262.
(pdftex.def)             Requested size: 226.79846pt x 200.56879pt.


[2 <./A1 sim MOSFET/nmos layout.png> <./A1 sim MOSFET/pmos layout1.png> <./A1 s
im MOSFET/nmos vg1 out.png> <./A1 sim MOSFET/nmos vg1_nocursor.png (PNG copy)> 
<./A1 sim MOSFET/nmos vg1_cursor0_5v.png> <./A1 sim MOSFET/nmos vg1_cursor1v.pn
g>]
<A1 sim MOSFET/nmos vg1_cursor3v.png, id=64, 721.94719pt x 639.89063pt>
File: A1 sim MOSFET/nmos vg1_cursor3v.png Graphic file (type png)
<use A1 sim MOSFET/nmos vg1_cursor3v.png>
Package pdftex.def Info: A1 sim MOSFET/nmos vg1_cursor3v.png  used on input lin
e 269.
(pdftex.def)             Requested size: 226.79846pt x 201.01982pt.

Underfull \vbox (badness 10000) has occurred while \output is active []



<A1 sim MOSFET/nmos vg1_5 out.png, id=66, 587.19376pt x 411.03563pt>
File: A1 sim MOSFET/nmos vg1_5 out.png Graphic file (type png)
<use A1 sim MOSFET/nmos vg1_5 out.png>
Package pdftex.def Info: A1 sim MOSFET/nmos vg1_5 out.png  used on input line 2
82.
(pdftex.def)             Requested size: 226.79846pt x 158.75409pt.
<A1 sim MOSFET/nmos vg1_5_nocursor.png, id=68, 704.6325pt x 600.74437pt>
File: A1 sim MOSFET/nmos vg1_5_nocursor.png Graphic file (type png)
<use A1 sim MOSFET/nmos vg1_5_nocursor.png>
Package pdftex.def Info: A1 sim MOSFET/nmos vg1_5_nocursor.png  used on input l
ine 307.
(pdftex.def)             Requested size: 226.79846pt x 193.36044pt.
<A1 sim MOSFET/nmos vg1_5_cursor0_5v.png, id=69, 722.7pt x 639.13782pt>
File: A1 sim MOSFET/nmos vg1_5_cursor0_5v.png Graphic file (type png)
<use A1 sim MOSFET/nmos vg1_5_cursor0_5v.png>
Package pdftex.def Info: A1 sim MOSFET/nmos vg1_5_cursor0_5v.png  used on input
 line 314.
(pdftex.def)             Requested size: 226.79846pt x 200.56879pt.

Underfull \vbox (badness 10000) has occurred while \output is active []



[3 <./A1 sim MOSFET/nmos vg1_cursor2v.png> <./A1 sim MOSFET/nmos vg1_cursor3v.p
ng> <./A1 sim MOSFET/nmos vg1_5 out.png> <./A1 sim MOSFET/nmos vg1_5_nocursor.p
ng (PNG copy)>]
<A1 sim MOSFET/nmos vg1_5_cursor1v1.png, id=83, 721.94719pt x 639.13782pt>
File: A1 sim MOSFET/nmos vg1_5_cursor1v1.png Graphic file (type png)
<use A1 sim MOSFET/nmos vg1_5_cursor1v1.png>
Package pdftex.def Info: A1 sim MOSFET/nmos vg1_5_cursor1v1.png  used on input 
line 321.
(pdftex.def)             Requested size: 226.79846pt x 200.78334pt.
<A1 sim MOSFET/nmos vg1_5_cursor2v.png, id=84, 722.7pt x 637.63219pt>
File: A1 sim MOSFET/nmos vg1_5_cursor2v.png Graphic file (type png)
<use A1 sim MOSFET/nmos vg1_5_cursor2v.png>
Package pdftex.def Info: A1 sim MOSFET/nmos vg1_5_cursor2v.png  used on input l
ine 328.
(pdftex.def)             Requested size: 226.79846pt x 200.0963pt.
<A1 sim MOSFET/nmos vg1_5_cursor3v.png, id=85, 721.19438pt x 639.13782pt>
File: A1 sim MOSFET/nmos vg1_5_cursor3v.png Graphic file (type png)
<use A1 sim MOSFET/nmos vg1_5_cursor3v.png>
Package pdftex.def Info: A1 sim MOSFET/nmos vg1_5_cursor3v.png  used on input l
ine 335.
(pdftex.def)             Requested size: 226.79846pt x 200.98814pt.


<A1 sim MOSFET/pmos vg1 out.png, id=87, 587.19376pt x 411.03563pt>
File: A1 sim MOSFET/pmos vg1 out.png Graphic file (type png)
<use A1 sim MOSFET/pmos vg1 out.png>
Package pdftex.def Info: A1 sim MOSFET/pmos vg1 out.png  used on input line 346
.
(pdftex.def)             Requested size: 226.79846pt x 158.75409pt.
<A1 sim MOSFET/pmos vg1_nocursor.png, id=89, 704.6325pt x 600.74437pt>
File: A1 sim MOSFET/pmos vg1_nocursor.png Graphic file (type png)
<use A1 sim MOSFET/pmos vg1_nocursor.png>
Package pdftex.def Info: A1 sim MOSFET/pmos vg1_nocursor.png  used on input lin
e 371.
(pdftex.def)             Requested size: 226.79846pt x 193.36044pt.

Underfull \vbox (badness 10000) has occurred while \output is active []



[4 <./A1 sim MOSFET/nmos vg1_5_cursor0_5v.png> <./A1 sim MOSFET/nmos vg1_5_curs
or1v1.png> <./A1 sim MOSFET/nmos vg1_5_cursor2v.png> <./A1 sim MOSFET/nmos vg1_
5_cursor3v.png> <./A1 sim MOSFET/pmos vg1 out.png>]
<A1 sim MOSFET/pmos vg1_cursor3v.png, id=106, 721.19438pt x 639.13782pt>
File: A1 sim MOSFET/pmos vg1_cursor3v.png Graphic file (type png)
<use A1 sim MOSFET/pmos vg1_cursor3v.png>
Package pdftex.def Info: A1 sim MOSFET/pmos vg1_cursor3v.png  used on input lin
e 378.
(pdftex.def)             Requested size: 226.79846pt x 200.98814pt.
<A1 sim MOSFET/pmos vg1_cursor2v.png, id=107, 721.94719pt x 636.12656pt>
File: A1 sim MOSFET/pmos vg1_cursor2v.png Graphic file (type png)
<use A1 sim MOSFET/pmos vg1_cursor2v.png>
Package pdftex.def Info: A1 sim MOSFET/pmos vg1_cursor2v.png  used on input lin
e 385.
(pdftex.def)             Requested size: 226.79846pt x 199.83736pt.
<A1 sim MOSFET/pmos vg1_cursor1v.png, id=108, 721.94719pt x 637.63219pt>
File: A1 sim MOSFET/pmos vg1_cursor1v.png Graphic file (type png)
<use A1 sim MOSFET/pmos vg1_cursor1v.png>
Package pdftex.def Info: A1 sim MOSFET/pmos vg1_cursor1v.png  used on input lin
e 392.
(pdftex.def)             Requested size: 226.79846pt x 200.31035pt.


<A1 sim MOSFET/pmos vg1_cursor0_5v.png, id=109, 721.19438pt x 636.87938pt>
File: A1 sim MOSFET/pmos vg1_cursor0_5v.png Graphic file (type png)
<use A1 sim MOSFET/pmos vg1_cursor0_5v.png>
Package pdftex.def Info: A1 sim MOSFET/pmos vg1_cursor0_5v.png  used on input l
ine 399.
(pdftex.def)             Requested size: 226.79846pt x 200.27794pt.
<A1 sim MOSFET/pmos vg1_5 out.png, id=111, 587.94656pt x 410.2828pt>
File: A1 sim MOSFET/pmos vg1_5 out.png Graphic file (type png)
<use A1 sim MOSFET/pmos vg1_5 out.png>
Package pdftex.def Info: A1 sim MOSFET/pmos vg1_5 out.png  used on input line 4
10.
(pdftex.def)             Requested size: 226.79846pt x 158.26299pt.

Underfull \vbox (badness 10000) has occurred while \output is active []



[5 <./A1 sim MOSFET/pmos vg1_nocursor.png (PNG copy)> <./A1 sim MOSFET/pmos vg1
_cursor3v.png> <./A1 sim MOSFET/pmos vg1_cursor2v.png> <./A1 sim MOSFET/pmos vg
1_cursor1v.png> <./A1 sim MOSFET/pmos vg1_cursor0_5v.png>]
<A1 sim MOSFET/pmos vg1_5_nocursor.png, id=128, 704.6325pt x 600.74437pt>
File: A1 sim MOSFET/pmos vg1_5_nocursor.png Graphic file (type png)
<use A1 sim MOSFET/pmos vg1_5_nocursor.png>
Package pdftex.def Info: A1 sim MOSFET/pmos vg1_5_nocursor.png  used on input l
ine 435.
(pdftex.def)             Requested size: 226.79846pt x 193.36044pt.
<A1 sim MOSFET/pmos vg1_5_cursor0_5v.png, id=129, 721.19438pt x 637.63219pt>
File: A1 sim MOSFET/pmos vg1_5_cursor0_5v.png Graphic file (type png)
<use A1 sim MOSFET/pmos vg1_5_cursor0_5v.png>
Package pdftex.def Info: A1 sim MOSFET/pmos vg1_5_cursor0_5v.png  used on input
 line 442.
(pdftex.def)             Requested size: 226.79846pt x 200.51466pt.

Underfull \vbox (badness 10000) has occurred while \output is active []



<A1 sim MOSFET/pmos vg1_5_cursor1v.png, id=130, 721.19438pt x 638.385pt>
File: A1 sim MOSFET/pmos vg1_5_cursor1v.png Graphic file (type png)
<use A1 sim MOSFET/pmos vg1_5_cursor1v.png>
Package pdftex.def Info: A1 sim MOSFET/pmos vg1_5_cursor1v.png  used on input l
ine 449.
(pdftex.def)             Requested size: 226.79846pt x 200.75139pt.
<A1 sim MOSFET/pmos vg1_5_cursor2v.png, id=131, 721.94719pt x 637.63219pt>
File: A1 sim MOSFET/pmos vg1_5_cursor2v.png Graphic file (type png)
<use A1 sim MOSFET/pmos vg1_5_cursor2v.png>
Package pdftex.def Info: A1 sim MOSFET/pmos vg1_5_cursor2v.png  used on input l
ine 456.
(pdftex.def)             Requested size: 226.79846pt x 200.31035pt.
<A1 sim MOSFET/pmos vg1_5_cursor3v.png, id=132, 721.19438pt x 637.63219pt>
File: A1 sim MOSFET/pmos vg1_5_cursor3v.png Graphic file (type png)
<use A1 sim MOSFET/pmos vg1_5_cursor3v.png>
Package pdftex.def Info: A1 sim MOSFET/pmos vg1_5_cursor3v.png  used on input l
ine 463.
(pdftex.def)             Requested size: 226.79846pt x 200.51466pt.


[6 <./A1 sim MOSFET/pmos vg1_5 out.png> <./A1 sim MOSFET/pmos vg1_5_nocursor.pn
g (PNG copy)> <./A1 sim MOSFET/pmos vg1_5_cursor0_5v.png> <./A1 sim MOSFET/pmos
 vg1_5_cursor1v.png> <./A1 sim MOSFET/pmos vg1_5_cursor2v.png>]
Overfull \hbox (3.5919pt too wide) in paragraph at lines 476--476
[]|$\OML/cmm/m/it/8 V[]$| 
 []


Underfull \hbox (badness 10000) in paragraph at lines 476--476
[]|$\OML/cmm/m/it/8 N$\OT1/ptm/m/n/8 -MOS
 []


Underfull \hbox (badness 10000) in paragraph at lines 476--476
\OT1/ptm/m/n/8 R($\OML/cmm/m/it/8 k\OT1/cmr/m/n/8 
$\OT1/ptm/m/n/8 ) a
 []


Underfull \hbox (badness 10000) in paragraph at lines 476--476
[]|$\OML/cmm/m/it/8 N$\OT1/ptm/m/n/8 -MOS
 []


Underfull \hbox (badness 10000) in paragraph at lines 476--476
\OT1/ptm/m/n/8 R($\OML/cmm/m/it/8 k\OT1/cmr/m/n/8 
$\OT1/ptm/m/n/8 ) a
 []


Underfull \hbox (badness 10000) in paragraph at lines 476--476
[]|$\OML/cmm/m/it/8 P$\OT1/ptm/m/n/8 -MOS
 []


Underfull \hbox (badness 10000) in paragraph at lines 476--476
\OT1/ptm/m/n/8 R($\OML/cmm/m/it/8 k\OT1/cmr/m/n/8 
$\OT1/ptm/m/n/8 ) a
 []


Underfull \hbox (badness 10000) in paragraph at lines 476--477
[]|$\OML/cmm/m/it/8 P$\OT1/ptm/m/n/8 -MOS
 []


Underfull \hbox (badness 10000) in paragraph at lines 476--477
\OT1/ptm/m/n/8 R($\OML/cmm/m/it/8 k\OT1/cmr/m/n/8 
$\OT1/ptm/m/n/8 ) a
 []





[7

 <./A1 sim MOSFET/pmos vg1_5_cursor3v.png>]
(A1_Diseño de transistores MOSFET.aux)
 ***********
LaTeX2e <2024-06-01> patch level 2
L3 programming layer <2024-08-16>
 ***********


Package rerunfilecheck Warning: File `"A1_Diseño de transistores MOSFET".out' 
has changed.
(rerunfilecheck)                Rerun to get outlines right
(rerunfilecheck)                or use package `bookmark'.

Package rerunfilecheck Info: Checksums for `"A1_Diseño de transistores MOSFET"
.out':
(rerunfilecheck)             Before: D41D8CD98F00B204E9800998ECF8427E;0
(rerunfilecheck)             After:  9054D256C5914AA359AA8D97D11BF513;222.
 ) 
Here is how much of TeX's memory you used:
 14693 strings out of 473899
 253330 string characters out of 5736316
 1962960 words of memory out of 5000000
 37341 multiletter control sequences out of 15000+600000
 588046 words of font info for 89 fonts, out of 8000000 for 9000
 1141 hyphenation exceptions out of 8191
 79i,13n,93p,721b,639s stack positions out of 10000i,1000n,20000p,200000b,200000s
<C:/Program Files/MiKTeX/fonts/type1/public/amsfonts/cm/cmmi6.pfb><C:/Program
 Files/MiKTeX/fonts/type1/public/amsfonts/cm/cmmi8.pfb><C:/Program Files/MiKTeX
/fonts/type1/public/amsfonts/cm/cmmi9.pfb><C:/Program Files/MiKTeX/fonts/type1/
public/amsfonts/cm/cmr8.pfb><C:/Program Files/MiKTeX/fonts/type1/public/amsfont
s/cm/cmr9.pfb><C:/Program Files/MiKTeX/fonts/type1/public/amsfonts/cm/cmsy8.pfb
><C:/Program Files/MiKTeX/fonts/type1/public/amsfonts/cm/cmsy9.pfb><C:/Program 
Files/MiKTeX/fonts/type1/urw/times/utmb8a.pfb><C:/Program Files/MiKTeX/fonts/ty
pe1/urw/times/utmr8a.pfb><C:/Program Files/MiKTeX/fonts/type1/urw/times/utmri8a
.pfb>
Output written on "A1_Diseño de transistores MOSFET.pdf" (7 pages, 989258 byte
s).
PDF statistics:
 213 PDF objects out of 1000 (max. 8388607)
 51 named destinations out of 1000 (max. 500000)
 151 words of extra memory for PDF output out of 10000 (max. 10000000)

