LTspice 24.0.12 for Windows
Circuit: * C:\Daniel\UDG\7mo\Seminario de solución de circuitos digitales\Inversor\Inversor.asc
Start Time: Tue Sep 10 08:11:16 2024
Ignoring BSIM parameter XL
Ignoring BSIM parameter XW
Ignoring BSIM parameter XL
Ignoring BSIM parameter XW
solver = Normal
Maximum thread count: 12
tnom = 27
temp = 27
method = modified trap
WARNING: Specified period is not longer than the sum of Trise, Tfall, and Ton for v1.  Increasing period to 1.2e-08
Warning: Pd = 0 is less than W.
Warning: Ps = 0 is less than W.
Warning: Pd = 0 is less than W.
Warning: Ps = 0 is less than W.
Direct Newton iteration for .op point succeeded.


Measurement "risa" FAIL'ed
falla=4.11684e-08 FROM 1.2781e-08 TO 5.39494e-08
tpra=1.64537e-08 FROM 1.05e-08 TO 2.69537e-08

Measurement "tpfa" FAIL'ed
bwa: 1/falla=2.42905e+07

Total elapsed time: 0.229 seconds.

